<?xml version="1.0" encoding="UTF-8"?>
<testsuite xmlns:xsi="http://www.w3.org/2001/XMLSchema-instance" xsi:noNamespaceSchemaLocation="https://maven.apache.org/surefire/maven-surefire-plugin/xsd/surefire-test-report-3.0.xsd" version="3.0" name="com.example.AppTest" time="0.018" tests="1" errors="0" skipped="0" failures="0">
  <properties>
    <property name="sonar.projectName" value="mvn-sonar"/>
    <property name="java.specification.version" value="17"/>
    <property name="sonar.host.url" value="http://localhost:9999"/>
    <property name="sun.jnu.encoding" value="UTF-8"/>
    <property name="java.class.path" value="/Users/bhanur/codebase/sample-mvn-sonar-app/demo-sonar/target/test-classes:/Users/bhanur/codebase/sample-mvn-sonar-app/demo-sonar/target/classes:/Users/bhanur/.m2/repository/junit/junit/4.13.1/junit-4.13.1.jar:/Users/bhanur/.m2/repository/org/hamcrest/hamcrest-core/1.3/hamcrest-core-1.3.jar:"/>
    <property name="java.vm.vendor" value="Amazon.com Inc."/>
    <property name="sonar.buildString" value="mvn-sonar-2"/>
    <property name="sun.arch.data.model" value="64"/>
    <property name="java.vendor.url" value="https://aws.amazon.com/corretto/"/>
    <property name="os.name" value="Mac OS X"/>
    <property name="java.vm.specification.version" value="17"/>
    <property name="sun.java.launcher" value="SUN_STANDARD"/>
    <property name="user.country" value="US"/>
    <property name="sun.boot.library.path" value="/Users/bhanur/.sdkman/candidates/java/17.0.14-amzn/lib"/>
    <property name="sun.java.command" value="/Users/bhanur/codebase/sample-mvn-sonar-app/demo-sonar/target/surefire/surefirebooter-20250415184945748_3.jar /Users/bhanur/codebase/sample-mvn-sonar-app/demo-sonar/target/surefire 2025-04-15T18-49-45_712-jvmRun1 surefire-20250415184945748_1tmp surefire_0-20250415184945748_2tmp"/>
    <property name="jdk.debug" value="release"/>
    <property name="surefire.test.class.path" value="/Users/bhanur/codebase/sample-mvn-sonar-app/demo-sonar/target/test-classes:/Users/bhanur/codebase/sample-mvn-sonar-app/demo-sonar/target/classes:/Users/bhanur/.m2/repository/junit/junit/4.13.1/junit-4.13.1.jar:/Users/bhanur/.m2/repository/org/hamcrest/hamcrest-core/1.3/hamcrest-core-1.3.jar:"/>
    <property name="sun.cpu.endian" value="little"/>
    <property name="user.home" value="/Users/bhanur"/>
    <property name="user.language" value="en"/>
    <property name="java.specification.vendor" value="Oracle Corporation"/>
    <property name="java.version.date" value="2025-01-21"/>
    <property name="java.home" value="/Users/bhanur/.sdkman/candidates/java/17.0.14-amzn"/>
    <property name="sonar.scm.provider" value="git"/>
    <property name="file.separator" value="/"/>
    <property name="style.color" value="always"/>
    <property name="basedir" value="/Users/bhanur/codebase/sample-mvn-sonar-app/demo-sonar"/>
    <property name="java.vm.compressedOopsMode" value="Zero based"/>
    <property name="line.separator" value="&#10;"/>
    <property name="java.vm.specification.vendor" value="Oracle Corporation"/>
    <property name="java.specification.name" value="Java Platform API Specification"/>
    <property name="sonar.analysis.buildNumber" value="1"/>
    <property name="surefire.real.class.path" value="/Users/bhanur/codebase/sample-mvn-sonar-app/demo-sonar/target/surefire/surefirebooter-20250415184945748_3.jar"/>
    <property name="sun.management.compiler" value="HotSpot 64-Bit Tiered Compilers"/>
    <property name="java.runtime.version" value="17.0.14+7-LTS"/>
    <property name="user.name" value="bhanur"/>
    <property name="path.separator" value=":"/>
    <property name="os.version" value="15.3.2"/>
    <property name="java.runtime.name" value="OpenJDK Runtime Environment"/>
    <property name="file.encoding" value="UTF-8"/>
    <property name="java.vm.name" value="OpenJDK 64-Bit Server VM"/>
    <property name="java.vendor.version" value="Corretto-17.0.14.7.1"/>
    <property name="localRepository" value="/Users/bhanur/.m2/repository"/>
    <property name="java.vendor.url.bug" value="https://github.com/corretto/corretto-17/issues/"/>
    <property name="java.io.tmpdir" value="/var/folders/6s/y8fv5s7j6_5cyk9kjbj6yn1c0000gp/T/"/>
    <property name="sonar.token" value="sqp_4e25a1d9825f6c38400194bee022bb8606d24dc8"/>
    <property name="java.version" value="17.0.14"/>
    <property name="user.dir" value="/Users/bhanur/codebase/sample-mvn-sonar-app/demo-sonar"/>
    <property name="os.arch" value="aarch64"/>
    <property name="java.vm.specification.name" value="Java Virtual Machine Specification"/>
    <property name="native.encoding" value="UTF-8"/>
    <property name="sonar.projectKey" value="mvn-sonar"/>
    <property name="java.library.path" value="/Users/bhanur/Library/Java/Extensions:/Library/Java/Extensions:/Network/Library/Java/Extensions:/System/Library/Java/Extensions:/usr/lib/java:."/>
    <property name="java.vm.info" value="mixed mode, sharing"/>
    <property name="java.vendor" value="Amazon.com Inc."/>
    <property name="java.vm.version" value="17.0.14+7-LTS"/>
    <property name="java.specification.maintenance.version" value="1"/>
    <property name="sun.io.unicode.encoding" value="UnicodeBig"/>
    <property name="java.class.version" value="61.0"/>
  </properties>
  <testcase name="testAdd" classname="com.example.AppTest" time="0.001"/>
</testsuite>